0 info it worked if it ends with ok
1 verbose cli [ '/Users/student/.nvm/versions/node/v6.11.3/bin/node',
1 verbose cli   '/Users/student/.nvm/versions/node/v6.11.3/bin/npm',
1 verbose cli   'start' ]
2 info using npm@3.10.10
3 info using node@v6.11.3
4 verbose run-script [ 'prestart', 'start', 'poststart' ]
5 info lifecycle ng-cast@1.0.0~prestart: ng-cast@1.0.0
6 silly lifecycle ng-cast@1.0.0~prestart: no script for prestart, continuing
7 info lifecycle ng-cast@1.0.0~start: ng-cast@1.0.0
8 verbose lifecycle ng-cast@1.0.0~start: unsafe-perm in lifecycle true
9 verbose lifecycle ng-cast@1.0.0~start: PATH: /Users/student/.nvm/versions/node/v6.11.3/lib/node_modules/npm/bin/node-gyp-bin:/Users/student/hrsf98-ng-cast/node_modules/.bin:/Users/student/.nvm/versions/node/v6.11.3/bin:/usr/local/opt/sqlite/bin:/usr/local/bin:/usr/bin:/bin:/usr/sbin:/sbin
10 verbose lifecycle ng-cast@1.0.0~start: CWD: /Users/student/hrsf98-ng-cast
11 silly lifecycle ng-cast@1.0.0~start: Args: [ '-c',
11 silly lifecycle   'npm install | npm install -g live-server | live-server' ]
12 silly lifecycle ng-cast@1.0.0~start: Returned: code: 139  signal: null
13 info lifecycle ng-cast@1.0.0~start: Failed to exec start script
14 verbose stack Error: ng-cast@1.0.0 start: `npm install | npm install -g live-server | live-server`
14 verbose stack Exit status 139
14 verbose stack     at EventEmitter.<anonymous> (/Users/student/.nvm/versions/node/v6.11.3/lib/node_modules/npm/lib/utils/lifecycle.js:255:16)
14 verbose stack     at emitTwo (events.js:106:13)
14 verbose stack     at EventEmitter.emit (events.js:191:7)
14 verbose stack     at ChildProcess.<anonymous> (/Users/student/.nvm/versions/node/v6.11.3/lib/node_modules/npm/lib/utils/spawn.js:40:14)
14 verbose stack     at emitTwo (events.js:106:13)
14 verbose stack     at ChildProcess.emit (events.js:191:7)
14 verbose stack     at maybeClose (internal/child_process.js:920:16)
14 verbose stack     at Process.ChildProcess._handle.onexit (internal/child_process.js:230:5)
15 verbose pkgid ng-cast@1.0.0
16 verbose cwd /Users/student/hrsf98-ng-cast
17 error Darwin 16.7.0
18 error argv "/Users/student/.nvm/versions/node/v6.11.3/bin/node" "/Users/student/.nvm/versions/node/v6.11.3/bin/npm" "start"
19 error node v6.11.3
20 error npm  v3.10.10
21 error code ELIFECYCLE
22 error ng-cast@1.0.0 start: `npm install | npm install -g live-server | live-server`
22 error Exit status 139
23 error Failed at the ng-cast@1.0.0 start script 'npm install | npm install -g live-server | live-server'.
23 error Make sure you have the latest version of node.js and npm installed.
23 error If you do, this is most likely a problem with the ng-cast package,
23 error not with npm itself.
23 error Tell the author that this fails on your system:
23 error     npm install | npm install -g live-server | live-server
23 error You can get information on how to open an issue for this project with:
23 error     npm bugs ng-cast
23 error Or if that isn't available, you can get their info via:
23 error     npm owner ls ng-cast
23 error There is likely additional logging output above.
24 verbose exit [ 1, true ]
